  Source.cpp
C:\Users\Administrator\Desktop\SFML-3.0.0\include\SFML\System\Exception.hpp(41,47): warning C4275: DLL 인터페이스가 아닌 class 'std::runtime_error'이(가) DLL 인터페이스 class 'sf::Exception'의 기본으로 사용되었습니다.
  (소스 파일 'Source.cpp'을(를) 컴파일하는 중)
      C:\Program Files\Microsoft Visual Studio\2022\Community\VC\Tools\MSVC\14.38.33130\include\stdexcept(100,19):
      'std::runtime_error' 선언을 참조하십시오.
      C:\Users\Administrator\Desktop\SFML-3.0.0\include\SFML\System\Exception.hpp(41,23):
      'sf::Exception' 선언을 참조하십시오.
  
C:\Users\Administrator\Desktop\Game-asdf\Game-asdf\Source.cpp(62,2): error C2059: 구문 오류: 'if'
C:\Users\Administrator\Desktop\Game-asdf\Game-asdf\Source.cpp(63,2): error C2334: '{' 앞에 예기치 않은 토큰이 있습니다. 명백한 함수 본문을 건너뜁니다.
C:\Users\Administrator\Desktop\Game-asdf\Game-asdf\Source.cpp(72,3): error C2143: 구문 오류: ')'이(가) ';' 앞에 없습니다.
C:\Users\Administrator\Desktop\Game-asdf\Game-asdf\Source.cpp(72,3): error C2059: 구문 오류: ')'
C:\Users\Administrator\Desktop\Game-asdf\Game-asdf\Source.cpp(72,3): error C2238: ';' 앞에 예기치 않은 토큰이 있습니다.
C:\Users\Administrator\Desktop\Game-asdf\Game-asdf\Source.cpp(114,23): warning C4305: '인수': 'double'에서 'T'(으)로 잘립니다.
C:\Users\Administrator\Desktop\Game-asdf\Game-asdf\Source.cpp(114,23): warning C4305:         with
C:\Users\Administrator\Desktop\Game-asdf\Game-asdf\Source.cpp(114,23): warning C4305:         [
C:\Users\Administrator\Desktop\Game-asdf\Game-asdf\Source.cpp(114,23): warning C4305:             T=float
C:\Users\Administrator\Desktop\Game-asdf\Game-asdf\Source.cpp(114,23): warning C4305:         ]
C:\Users\Administrator\Desktop\Game-asdf\Game-asdf\Source.cpp(114,19): warning C4305: '인수': 'double'에서 'T'(으)로 잘립니다.
C:\Users\Administrator\Desktop\Game-asdf\Game-asdf\Source.cpp(114,19): warning C4305:         with
C:\Users\Administrator\Desktop\Game-asdf\Game-asdf\Source.cpp(114,19): warning C4305:         [
C:\Users\Administrator\Desktop\Game-asdf\Game-asdf\Source.cpp(114,19): warning C4305:             T=float
C:\Users\Administrator\Desktop\Game-asdf\Game-asdf\Source.cpp(114,19): warning C4305:         ]
C:\Users\Administrator\Desktop\Game-asdf\Game-asdf\Source.cpp(117,12): warning C4244: '초기화 중': 'int'에서 'float'(으)로 변환하면서 데이터가 손실될 수 있습니다.
C:\Users\Administrator\Desktop\Game-asdf\Game-asdf\Source.cpp(118,12): warning C4244: '초기화 중': 'int'에서 'float'(으)로 변환하면서 데이터가 손실될 수 있습니다.
